============================= test session starts =============================
platform win32 -- Python 3.12.6, pytest-8.3.2, pluggy-1.6.0 -- C:\Python312\python.exe
cachedir: .pytest_cache
rootdir: C:\Users\pampam\WEMA\WEMA-Women-s-Emergency-Medical-AI
plugins: anyio-4.9.0, locust-2.42.5
collecting ... collected 50 items

tests/test_prompt.py::test_get_emergency_fallback_keyword_routing[I am bleeding heavily after birth-massage] PASSED [  2%]
tests/test_prompt.py::test_get_emergency_fallback_keyword_routing[She is having seizures she is pregnant-left side] PASSED [  4%]
tests/test_prompt.py::test_get_emergency_fallback_keyword_routing[Baby is not breathing after delivery-dry] PASSED [  6%]
tests/test_prompt.py::test_get_emergency_fallback_keyword_routing[I need help with my pregnancy-left side] PASSED [  8%]
tests/test_prompt.py::test_get_emergency_fallback_never_names_a_medication PASSED [ 10%]
tests/test_prompt.py::test_get_stt_retry_prompt_is_nonempty PASSED       [ 12%]
tests/test_prompt.py::test_get_fallback_response_always_alerts_help[api_down] PASSED [ 14%]
tests/test_prompt.py::test_get_fallback_response_always_alerts_help[no_results] PASSED [ 16%]
tests/test_prompt.py::test_get_fallback_response_always_alerts_help[timeout] PASSED [ 18%]
tests/test_prompt.py::test_get_fallback_response_always_alerts_help[unknown_reason] PASSED [ 20%]
tests/test_prompt.py::test_is_conversational[hi-greeting] PASSED         [ 22%]
tests/test_prompt.py::test_is_conversational[thank you-thanks] PASSED    [ 24%]
tests/test_prompt.py::test_is_conversational[ok-ok] PASSED               [ 26%]
tests/test_prompt.py::test_is_conversational[I am bleeding heavily-None] PASSED [ 28%]
tests/test_rag_safety_net.py::test_secondary_pph_risk_detects_days_after_birth_bleeding PASSED [ 30%]
tests/test_rag_safety_net.py::test_secondary_pph_risk_detects_weeks_since_delivery PASSED [ 32%]
tests/test_rag_safety_net.py::test_secondary_pph_risk_misses_spelled_out_numbers PASSED [ 34%]
tests/test_rag_safety_net.py::test_secondary_pph_risk_false_for_immediate_postpartum_bleeding PASSED [ 36%]
tests/test_rag_safety_net.py::test_secondary_pph_risk_false_when_not_pregnancy_related PASSED [ 38%]
tests/test_rag_safety_net.py::test_secondary_pph_risk_false_for_bleeding_without_birth_mention PASSED [ 40%]
tests/test_rag_safety_net.py::test_classify_risk_high_for_alerting_language PASSED [ 42%]
tests/test_rag_safety_net.py::test_classify_risk_medium_for_routine_visit_language PASSED [ 44%]
tests/test_rag_safety_net.py::test_classify_risk_low_for_reassurance_only PASSED [ 46%]
tests/test_session_store.py::test_get_session_creates_default_state_once PASSED [ 48%]
tests/test_session_store.py::test_sessions_are_isolated_per_call_sid PASSED [ 50%]
tests/test_session_store.py::test_response_ready_set_and_pop PASSED      [ 52%]
tests/test_session_store.py::test_pop_response_ready_missing_call_sid_returns_none PASSED [ 54%]
tests/test_session_store.py::test_audio_cache_roundtrip PASSED           [ 56%]
tests/test_session_store.py::test_stores_are_independent_instances PASSED [ 58%]
tests/test_sms.py::test_should_trigger_sms[Help is being alerted. Get to a health facility now.-True] PASSED [ 60%]
tests/test_sms.py::test_should_trigger_sms[Alerting the nearest doctor to you right now.-True] PASSED [ 62%]
tests/test_sms.py::test_should_trigger_sms[I am alerting a doctor near you now.-True] PASSED [ 64%]
tests/test_sms.py::test_should_trigger_sms[Lie on your left side and rest.-False] PASSED [ 66%]
tests/test_sms.py::test_should_trigger_sms[Drink plenty of water and monitor your symptoms.-False] PASSED [ 68%]
tests/test_sms.py::test_should_trigger_sms[-False] PASSED                [ 70%]
tests/test_sms.py::test_extract_state[I am in Lagos, I am bleeding heavily-Lagos] PASSED [ 72%]
tests/test_sms.py::test_extract_state[I am calling from Kano-Kano] PASSED [ 74%]
tests/test_sms.py::test_extract_state[I live in Port Harcourt-Rivers] PASSED [ 76%]
tests/test_sms.py::test_extract_state[I am in Ibadan-Oyo] PASSED         [ 78%]
tests/test_sms.py::test_extract_state[I am bleeding after giving birth-None] PASSED [ 80%]
tests/test_sms.py::test_extract_state[My baby is not breathing-None] PASSED [ 82%]
tests/test_sms.py::test_extract_state[I just gave birth in Maiduguri-Borno] PASSED [ 84%]
tests/test_sms.py::test_haversine_distance_and_ranking PASSED            [ 86%]
tests/test_sms.py::test_haversine_distance_zero_for_identical_points PASSED [ 88%]
tests/test_sms.py::test_find_nearest_providers_gps_does_not_depend_on_csv_state PASSED [ 90%]
tests/test_sms.py::test_provider_directory_load_skips_unparseable_rows PASSED [ 92%]
tests/test_sms.py::test_provider_directory_nearest_by_state PASSED       [ 94%]
tests/test_sms.py::test_provider_directory_nearest_by_gps PASSED         [ 96%]
tests/test_sms.py::test_provider_directory_missing_csv_returns_empty_list PASSED [ 98%]
tests/test_sms.py::test_provider_directory_instances_are_independent PASSED [100%]

============================= 50 passed in 8.01s ==============================
PYTEST_EXIT_CODE=0
